# JRE version: OpenJDK Runtime Environment (11.0.8+10) (build 11.0.8+10-b944.6842174)
# Java VM: OpenJDK 64-Bit Server VM (11.0.8+10-b944.6842174, mixed mode, tiered, compressed oops, g1 gc, windows-amd64)
Heap:
 garbage-first heap   total 196608K, used 154436K [0x0000000080000000, 0x0000000100000000)
  region size 1024K, 65 young (66560K), 2 survivors (2048K)
 Metaspace       used 103486K, capacity 105735K, committed 107048K, reserved 1142784K
  class space    used 13038K, capacity 13798K, committed 14156K, reserved 1048576K
GC Heap History (20 events):
Event: 19.781 GC heap before
{Heap before GC invocations=13 (full 0):
 garbage-first heap   total 196608K, used 147493K [0x0000000080000000, 0x0000000100000000)
  region size 1024K, 79 young (80896K), 5 survivors (5120K)
 Metaspace       used 77877K, capacity 79963K, committed 80336K, reserved 1118208K
  class space    used 10045K, capacity 10754K, committed 10880K, reserved 1048576K
}
Event: 19.790 GC heap after
{Heap after GC invocations=14 (full 0):
 garbage-first heap   total 196608K, used 76323K [0x0000000080000000, 0x0000000100000000)
  region size 1024K, 9 young (9216K), 9 survivors (9216K)
 Metaspace       used 77877K, capacity 79963K, committed 80336K, reserved 1118208K
  class space    used 10045K, capacity 10754K, committed 10880K, reserved 1048576K
}
Event: 23.872 GC heap before
{Heap before GC invocations=14 (full 0):
 garbage-first heap   total 196608K, used 153123K [0x0000000080000000, 0x0000000100000000)
  region size 1024K, 83 young (84992K), 9 survivors (9216K)
 Metaspace       used 86087K, capacity 88331K, committed 88528K, reserved 1126400K
  class space    used 11064K, capacity 11837K, committed 11904K, reserved 1048576K
}
Event: 23.889 GC heap after
{Heap after GC invocations=15 (full 0):
 garbage-first heap   total 196608K, used 86991K [0x0000000080000000, 0x0000000100000000)
  region size 1024K, 11 young (11264K), 11 survivors (11264K)
 Metaspace       used 86087K, capacity 88331K, committed 88528K, reserved 1126400K
  class space    used 11064K, capacity 11837K, committed 11904K, reserved 1048576K
}
Event: 27.270 GC heap before
{Heap before GC invocations=15 (full 0):
 garbage-first heap   total 196608K, used 153551K [0x0000000080000000, 0x0000000100000000)
  region size 1024K, 76 young (77824K), 11 survivors (11264K)
 Metaspace       used 95195K, capacity 97755K, committed 98000K, reserved 1134592K
  class space    used 12433K, capacity 13348K, committed 13440K, reserved 1048576K
}
Event: 27.287 GC heap after
{Heap after GC invocations=16 (full 0):
 garbage-first heap   total 196608K, used 87569K [0x0000000080000000, 0x0000000100000000)
  region size 1024K, 3 young (3072K), 3 survivors (3072K)
 Metaspace       used 95195K, capacity 97755K, committed 98000K, reserved 1134592K
  class space    used 12433K, capacity 13348K, committed 13440K, reserved 1048576K
}
Event: 29.555 GC heap before
{Heap before GC invocations=16 (full 0):
 garbage-first heap   total 196608K, used 126481K [0x0000000080000000, 0x0000000100000000)
  region size 1024K, 42 young (43008K), 3 survivors (3072K)
 Metaspace       used 98087K, capacity 100721K, committed 100828K, reserved 1136640K
  class space    used 12892K, capacity 13789K, committed 13824K, reserved 1048576K
}
Event: 29.564 GC heap after
{Heap after GC invocations=17 (full 0):
 garbage-first heap   total 196608K, used 89462K [0x0000000080000000, 0x0000000100000000)
  region size 1024K, 5 young (5120K), 5 survivors (5120K)
 Metaspace       used 98087K, capacity 100721K, committed 100828K, reserved 1136640K
  class space    used 12892K, capacity 13789K, committed 13824K, reserved 1048576K
}
Event: 2196.353 GC heap before
{Heap before GC invocations=18 (full 0):
 garbage-first heap   total 196608K, used 146806K [0x0000000080000000, 0x0000000100000000)
  region size 1024K, 62 young (63488K), 5 survivors (5120K)
 Metaspace       used 101306K, capacity 103922K, committed 104232K, reserved 1140736K
  class space    used 13079K, capacity 13975K, committed 14156K, reserved 1048576K
}
Event: 2196.358 GC heap after
{Heap after GC invocations=19 (full 0):
 garbage-first heap   total 196608K, used 89738K [0x0000000080000000, 0x0000000100000000)
  region size 1024K, 3 young (3072K), 3 survivors (3072K)
 Metaspace       used 101306K, capacity 103922K, committed 104232K, reserved 1140736K
  class space    used 13079K, capacity 13975K, committed 14156K, reserved 1048576K
}
Event: 4190.014 GC heap before
{Heap before GC invocations=19 (full 0):
 garbage-first heap   total 196608K, used 151178K [0x0000000080000000, 0x0000000100000000)
  region size 1024K, 63 young (64512K), 3 survivors (3072K)
 Metaspace       used 101804K, capacity 104500K, committed 105000K, reserved 1140736K
  class space    used 13083K, capacity 13983K, committed 14156K, reserved 1048576K
}
Event: 4190.023 GC heap after
{Heap after GC invocations=20 (full 0):
 garbage-first heap   total 196608K, used 94046K [0x0000000080000000, 0x0000000100000000)
  region size 1024K, 8 young (8192K), 8 survivors (8192K)
 Metaspace       used 101804K, capacity 104500K, committed 105000K, reserved 1140736K
  class space    used 13083K, capacity 13983K, committed 14156K, reserved 1048576K
}
Event: 4190.406 GC heap before
{Heap before GC invocations=20 (full 0):
 garbage-first heap   total 196608K, used 146270K [0x0000000080000000, 0x0000000100000000)
  region size 1024K, 60 young (61440K), 8 survivors (8192K)
 Metaspace       used 101949K, capacity 104593K, committed 105000K, reserved 1140736K
  class space    used 13083K, capacity 13983K, committed 14156K, reserved 1048576K
}
Event: 4190.454 GC heap after
{Heap after GC invocations=21 (full 0):
 garbage-first heap   total 196608K, used 104643K [0x0000000080000000, 0x0000000100000000)
  region size 1024K, 9 young (9216K), 9 survivors (9216K)
 Metaspace       used 101949K, capacity 104593K, committed 105000K, reserved 1140736K
  class space    used 13083K, capacity 13983K, committed 14156K, reserved 1048576K
}
Event: 4191.755 GC heap before
{Heap before GC invocations=22 (full 0):
 garbage-first heap   total 196608K, used 160963K [0x0000000080000000, 0x0000000100000000)
  region size 1024K, 58 young (59392K), 9 survivors (9216K)
 Metaspace       used 101678K, capacity 104030K, committed 105256K, reserved 1140736K
  class space    used 12964K, capacity 13760K, committed 14156K, reserved 1048576K
}
Event: 4191.763 GC heap after
{Heap after GC invocations=23 (full 0):
 garbage-first heap   total 196608K, used 98954K [0x0000000080000000, 0x0000000100000000)
  region size 1024K, 2 young (2048K), 2 survivors (2048K)
 Metaspace       used 101678K, capacity 104030K, committed 105256K, reserved 1140736K
  class space    used 12964K, capacity 13760K, committed 14156K, reserved 1048576K
}
Event: 4192.055 GC heap before
{Heap before GC invocations=23 (full 0):
 garbage-first heap   total 196608K, used 105098K [0x0000000080000000, 0x0000000100000000)
  region size 1024K, 9 young (9216K), 2 survivors (2048K)
 Metaspace       used 101977K, capacity 104231K, committed 105512K, reserved 1140736K
  class space    used 12990K, capacity 13763K, committed 14156K, reserved 1048576K
}
Event: 4192.067 GC heap after
{Heap after GC invocations=24 (full 0):
 garbage-first heap   total 196608K, used 86512K [0x0000000080000000, 0x0000000100000000)
  region size 1024K, 2 young (2048K), 2 survivors (2048K)
 Metaspace       used 101977K, capacity 104231K, committed 105512K, reserved 1140736K
  class space    used 12990K, capacity 13763K, committed 14156K, reserved 1048576K
}
Event: 4192.719 GC heap before
{Heap before GC invocations=24 (full 0):
 garbage-first heap   total 196608K, used 130544K [0x0000000080000000, 0x0000000100000000)
  region size 1024K, 44 young (45056K), 2 survivors (2048K)
 Metaspace       used 102376K, capacity 104683K, committed 105768K, reserved 1140736K
  class space    used 13012K, capacity 13804K, committed 14156K, reserved 1048576K
}
Event: 4192.724 GC heap after
{Heap after GC invocations=25 (full 0):
 garbage-first heap   total 196608K, used 89924K [0x0000000080000000, 0x0000000100000000)
  region size 1024K, 2 young (2048K), 2 survivors (2048K)
 Metaspace       used 102376K, capacity 104683K, committed 105768K, reserved 1140736K
  class space    used 13012K, capacity 13804K, committed 14156K, reserved 1048576K
}

