# JRE version: OpenJDK Runtime Environment (11.0.8+10) (build 11.0.8+10-b944.6842174)
# Java VM: OpenJDK 64-Bit Server VM (11.0.8+10-b944.6842174, mixed mode, tiered, compressed oops, g1 gc, windows-amd64)
Heap:
 garbage-first heap   total 236544K, used 84098K [0x0000000080000000, 0x0000000100000000)
  region size 1024K, 12 young (12288K), 12 survivors (12288K)
 Metaspace       used 86813K, capacity 89120K, committed 89292K, reserved 1126400K
  class space    used 11368K, capacity 12230K, committed 12236K, reserved 1048576K
GC Heap History (20 events):
Event: 2.628 GC heap after
{Heap after GC invocations=4 (full 0):
 garbage-first heap   total 196608K, used 17890K [0x0000000080000000, 0x0000000100000000)
  region size 1024K, 2 young (2048K), 2 survivors (2048K)
 Metaspace       used 24537K, capacity 25080K, committed 25216K, reserved 1071104K
  class space    used 3154K, capacity 3361K, committed 3456K, reserved 1048576K
}
Event: 4.252 GC heap before
{Heap before GC invocations=4 (full 0):
 garbage-first heap   total 196608K, used 83426K [0x0000000080000000, 0x0000000100000000)
  region size 1024K, 67 young (68608K), 2 survivors (2048K)
 Metaspace       used 35118K, capacity 35821K, committed 35840K, reserved 1081344K
  class space    used 4567K, capacity 4856K, committed 4864K, reserved 1048576K
}
Event: 4.264 GC heap after
{Heap after GC invocations=5 (full 0):
 garbage-first heap   total 196608K, used 21330K [0x0000000080000000, 0x0000000100000000)
  region size 1024K, 6 young (6144K), 6 survivors (6144K)
 Metaspace       used 35118K, capacity 35821K, committed 35840K, reserved 1081344K
  class space    used 4567K, capacity 4856K, committed 4864K, reserved 1048576K
}
Event: 6.530 GC heap before
{Heap before GC invocations=6 (full 0):
 garbage-first heap   total 196608K, used 117586K [0x0000000080000000, 0x0000000100000000)
  region size 1024K, 97 young (99328K), 6 survivors (6144K)
 Metaspace       used 43771K, capacity 44748K, committed 44928K, reserved 1087488K
  class space    used 5609K, capacity 5954K, committed 6016K, reserved 1048576K
}
Event: 6.538 GC heap after
{Heap after GC invocations=7 (full 0):
 garbage-first heap   total 196608K, used 25894K [0x0000000080000000, 0x0000000100000000)
  region size 1024K, 10 young (10240K), 10 survivors (10240K)
 Metaspace       used 43771K, capacity 44748K, committed 44928K, reserved 1087488K
  class space    used 5609K, capacity 5954K, committed 6016K, reserved 1048576K
}
Event: 7.820 GC heap before
{Heap before GC invocations=7 (full 0):
 garbage-first heap   total 196608K, used 131366K [0x0000000080000000, 0x0000000100000000)
  region size 1024K, 111 young (113664K), 10 survivors (10240K)
 Metaspace       used 52662K, capacity 53935K, committed 54016K, reserved 1095680K
  class space    used 6674K, capacity 7123K, committed 7168K, reserved 1048576K
}
Event: 7.832 GC heap after
{Heap after GC invocations=8 (full 0):
 garbage-first heap   total 196608K, used 38403K [0x0000000080000000, 0x0000000100000000)
  region size 1024K, 14 young (14336K), 14 survivors (14336K)
 Metaspace       used 52662K, capacity 53935K, committed 54016K, reserved 1095680K
  class space    used 6674K, capacity 7123K, committed 7168K, reserved 1048576K
}
Event: 8.509 GC heap before
{Heap before GC invocations=8 (full 0):
 garbage-first heap   total 196608K, used 91651K [0x0000000080000000, 0x0000000100000000)
  region size 1024K, 67 young (68608K), 14 survivors (14336K)
 Metaspace       used 58787K, capacity 60102K, committed 60160K, reserved 1101824K
  class space    used 7431K, capacity 7927K, committed 7936K, reserved 1048576K
}
Event: 8.525 GC heap after
{Heap after GC invocations=9 (full 0):
 garbage-first heap   total 196608K, used 43749K [0x0000000080000000, 0x0000000100000000)
  region size 1024K, 6 young (6144K), 6 survivors (6144K)
 Metaspace       used 58787K, capacity 60102K, committed 60160K, reserved 1101824K
  class space    used 7431K, capacity 7927K, committed 7936K, reserved 1048576K
}
Event: 9.434 GC heap before
{Heap before GC invocations=10 (full 0):
 garbage-first heap   total 196608K, used 129765K [0x0000000080000000, 0x0000000100000000)
  region size 1024K, 90 young (92160K), 6 survivors (6144K)
 Metaspace       used 64562K, capacity 66019K, committed 66124K, reserved 1105920K
  class space    used 8382K, capacity 8932K, committed 9036K, reserved 1048576K
}
Event: 9.451 GC heap after
{Heap after GC invocations=11 (full 0):
 garbage-first heap   total 196608K, used 49131K [0x0000000080000000, 0x0000000100000000)
  region size 1024K, 11 young (11264K), 11 survivors (11264K)
 Metaspace       used 64562K, capacity 66019K, committed 66124K, reserved 1105920K
  class space    used 8382K, capacity 8932K, committed 9036K, reserved 1048576K
}
Event: 10.491 GC heap before
{Heap before GC invocations=11 (full 0):
 garbage-first heap   total 196608K, used 136171K [0x0000000080000000, 0x0000000100000000)
  region size 1024K, 96 young (98304K), 11 survivors (11264K)
 Metaspace       used 71618K, capacity 73249K, committed 73548K, reserved 1112064K
  class space    used 9407K, capacity 9998K, committed 10060K, reserved 1048576K
}
Event: 10.508 GC heap after
{Heap after GC invocations=12 (full 0):
 garbage-first heap   total 196608K, used 55067K [0x0000000080000000, 0x0000000100000000)
  region size 1024K, 7 young (7168K), 7 survivors (7168K)
 Metaspace       used 71618K, capacity 73249K, committed 73548K, reserved 1112064K
  class space    used 9407K, capacity 9998K, committed 10060K, reserved 1048576K
}
Event: 11.809 GC heap before
{Heap before GC invocations=12 (full 0):
 garbage-first heap   total 196608K, used 141083K [0x0000000080000000, 0x0000000100000000)
  region size 1024K, 92 young (94208K), 7 survivors (7168K)
 Metaspace       used 76088K, capacity 77966K, committed 78284K, reserved 1116160K
  class space    used 9951K, capacity 10620K, committed 10700K, reserved 1048576K
}
Event: 11.822 GC heap after
{Heap after GC invocations=13 (full 0):
 garbage-first heap   total 196608K, used 60231K [0x0000000080000000, 0x0000000100000000)
  region size 1024K, 12 young (12288K), 12 survivors (12288K)
 Metaspace       used 76088K, capacity 77966K, committed 78284K, reserved 1116160K
  class space    used 9951K, capacity 10620K, committed 10700K, reserved 1048576K
}
Event: 12.809 GC heap before
{Heap before GC invocations=13 (full 0):
 garbage-first heap   total 196608K, used 145223K [0x0000000080000000, 0x0000000100000000)
  region size 1024K, 96 young (98304K), 12 survivors (12288K)
 Metaspace       used 77982K, capacity 80036K, committed 80332K, reserved 1118208K
  class space    used 10154K, capacity 10843K, committed 10956K, reserved 1048576K
}
Event: 12.824 GC heap after
{Heap after GC invocations=14 (full 0):
 garbage-first heap   total 196608K, used 65618K [0x0000000080000000, 0x0000000100000000)
  region size 1024K, 11 young (11264K), 11 survivors (11264K)
 Metaspace       used 77982K, capacity 80036K, committed 80332K, reserved 1118208K
  class space    used 10154K, capacity 10843K, committed 10956K, reserved 1048576K
}
Event: 13.325 GC heap before
{Heap before GC invocations=14 (full 0):
 garbage-first heap   total 196608K, used 149586K [0x0000000080000000, 0x0000000100000000)
  region size 1024K, 94 young (96256K), 11 survivors (11264K)
 Metaspace       used 81065K, capacity 83122K, committed 83276K, reserved 1122304K
  class space    used 10579K, capacity 11285K, committed 11340K, reserved 1048576K
}
Event: 13.342 GC heap after
{Heap after GC invocations=15 (full 0):
 garbage-first heap   total 196608K, used 72635K [0x0000000080000000, 0x0000000100000000)
  region size 1024K, 12 young (12288K), 12 survivors (12288K)
 Metaspace       used 81065K, capacity 83122K, committed 83276K, reserved 1122304K
  class space    used 10579K, capacity 11285K, committed 11340K, reserved 1048576K
}
Event: 13.936 GC heap before
{Heap before GC invocations=15 (full 0):
 garbage-first heap   total 196608K, used 152507K [0x0000000080000000, 0x0000000100000000)
  region size 1024K, 91 young (93184K), 12 survivors (12288K)
 Metaspace       used 86813K, capacity 89120K, committed 89292K, reserved 1126400K
  class space    used 11368K, capacity 12230K, committed 12236K, reserved 1048576K
}

