# JRE version: OpenJDK Runtime Environment (11.0.8+10) (build 11.0.8+10-b944.6842174)
# Java VM: OpenJDK 64-Bit Server VM (11.0.8+10-b944.6842174, mixed mode, tiered, compressed oops, g1 gc, windows-amd64)
Heap:
 garbage-first heap   total 257024K, used 121678K [0x0000000080000000, 0x0000000100000000)
  region size 1024K, 5 young (5120K), 5 survivors (5120K)
 Metaspace       used 99214K, capacity 101752K, committed 101836K, reserved 1138688K
  class space    used 12607K, capacity 13515K, committed 13568K, reserved 1048576K
GC Heap History (20 events):
Event: 22.138 GC heap after
{Heap after GC invocations=21 (full 0):
 garbage-first heap   total 196608K, used 101039K [0x0000000080000000, 0x0000000100000000)
  region size 1024K, 3 young (3072K), 3 survivors (3072K)
 Metaspace       used 82461K, capacity 84457K, committed 84684K, reserved 1122304K
  class space    used 10458K, capacity 11135K, committed 11264K, reserved 1048576K
}
Event: 22.757 GC heap before
{Heap before GC invocations=22 (full 0):
 garbage-first heap   total 196608K, used 126639K [0x0000000080000000, 0x0000000100000000)
  region size 1024K, 46 young (47104K), 3 survivors (3072K)
 Metaspace       used 83494K, capacity 85386K, committed 85836K, reserved 1124352K
  class space    used 10524K, capacity 11203K, committed 11392K, reserved 1048576K
}
Event: 22.763 GC heap after
{Heap after GC invocations=23 (full 0):
 garbage-first heap   total 196608K, used 84304K [0x0000000080000000, 0x0000000100000000)
  region size 1024K, 3 young (3072K), 3 survivors (3072K)
 Metaspace       used 83494K, capacity 85386K, committed 85836K, reserved 1124352K
  class space    used 10524K, capacity 11203K, committed 11392K, reserved 1048576K
}
Event: 22.916 GC heap before
{Heap before GC invocations=23 (full 0):
 garbage-first heap   total 196608K, used 89424K [0x0000000080000000, 0x0000000100000000)
  region size 1024K, 9 young (9216K), 3 survivors (3072K)
 Metaspace       used 83842K, capacity 85808K, committed 86092K, reserved 1124352K
  class space    used 10569K, capacity 11237K, committed 11392K, reserved 1048576K
}
Event: 22.920 GC heap after
{Heap after GC invocations=24 (full 0):
 garbage-first heap   total 196608K, used 77454K [0x0000000080000000, 0x0000000100000000)
  region size 1024K, 1 young (1024K), 1 survivors (1024K)
 Metaspace       used 83842K, capacity 85808K, committed 86092K, reserved 1124352K
  class space    used 10569K, capacity 11237K, committed 11392K, reserved 1048576K
}
Event: 24.455 GC heap before
{Heap before GC invocations=24 (full 0):
 garbage-first heap   total 196608K, used 136846K [0x0000000080000000, 0x0000000100000000)
  region size 1024K, 60 young (61440K), 1 survivors (1024K)
 Metaspace       used 84882K, capacity 86942K, committed 87116K, reserved 1124352K
  class space    used 10651K, capacity 11324K, committed 11392K, reserved 1048576K
}
Event: 24.459 GC heap after
{Heap after GC invocations=25 (full 0):
 garbage-first heap   total 196608K, used 78803K [0x0000000080000000, 0x0000000100000000)
  region size 1024K, 2 young (2048K), 2 survivors (2048K)
 Metaspace       used 84882K, capacity 86942K, committed 87116K, reserved 1124352K
  class space    used 10651K, capacity 11324K, committed 11392K, reserved 1048576K
}
Event: 25.717 GC heap before
{Heap before GC invocations=25 (full 0):
 garbage-first heap   total 196608K, used 142291K [0x0000000080000000, 0x0000000100000000)
  region size 1024K, 65 young (66560K), 2 survivors (2048K)
 Metaspace       used 86649K, capacity 88731K, committed 88908K, reserved 1126400K
  class space    used 10840K, capacity 11538K, committed 11648K, reserved 1048576K
}
Event: 25.723 GC heap after
{Heap after GC invocations=26 (full 0):
 garbage-first heap   total 196608K, used 81378K [0x0000000080000000, 0x0000000100000000)
  region size 1024K, 5 young (5120K), 5 survivors (5120K)
 Metaspace       used 86649K, capacity 88731K, committed 88908K, reserved 1126400K
  class space    used 10840K, capacity 11538K, committed 11648K, reserved 1048576K
}
Event: 26.396 GC heap before
{Heap before GC invocations=26 (full 0):
 garbage-first heap   total 196608K, used 145890K [0x0000000080000000, 0x0000000100000000)
  region size 1024K, 69 young (70656K), 5 survivors (5120K)
 Metaspace       used 89813K, capacity 91918K, committed 92108K, reserved 1130496K
  class space    used 11233K, capacity 11933K, committed 12032K, reserved 1048576K
}
Event: 26.405 GC heap after
{Heap after GC invocations=27 (full 0):
 garbage-first heap   total 196608K, used 85365K [0x0000000080000000, 0x0000000100000000)
  region size 1024K, 9 young (9216K), 9 survivors (9216K)
 Metaspace       used 89813K, capacity 91918K, committed 92108K, reserved 1130496K
  class space    used 11233K, capacity 11933K, committed 12032K, reserved 1048576K
}
Event: 26.996 GC heap before
{Heap before GC invocations=27 (full 0):
 garbage-first heap   total 196608K, used 150901K [0x0000000080000000, 0x0000000100000000)
  region size 1024K, 75 young (76800K), 9 survivors (9216K)
 Metaspace       used 91364K, capacity 93544K, committed 93772K, reserved 1130496K
  class space    used 11427K, capacity 12155K, committed 12160K, reserved 1048576K
}
Event: 27.011 GC heap after
{Heap after GC invocations=28 (full 0):
 garbage-first heap   total 196608K, used 95248K [0x0000000080000000, 0x0000000100000000)
  region size 1024K, 10 young (10240K), 10 survivors (10240K)
 Metaspace       used 91364K, capacity 93544K, committed 93772K, reserved 1130496K
  class space    used 11427K, capacity 12155K, committed 12160K, reserved 1048576K
}
Event: 27.559 GC heap before
{Heap before GC invocations=28 (full 0):
 garbage-first heap   total 196608K, used 151568K [0x0000000080000000, 0x0000000100000000)
  region size 1024K, 66 young (67584K), 10 survivors (10240K)
 Metaspace       used 93620K, capacity 95881K, committed 95948K, reserved 1132544K
  class space    used 11741K, capacity 12510K, committed 12544K, reserved 1048576K
}
Event: 27.577 GC heap after
{Heap after GC invocations=29 (full 0):
 garbage-first heap   total 196608K, used 104255K [0x0000000080000000, 0x0000000100000000)
  region size 1024K, 9 young (9216K), 9 survivors (9216K)
 Metaspace       used 93620K, capacity 95881K, committed 95948K, reserved 1132544K
  class space    used 11741K, capacity 12510K, committed 12544K, reserved 1048576K
}
Event: 27.970 GC heap before
{Heap before GC invocations=29 (full 0):
 garbage-first heap   total 196608K, used 153407K [0x0000000080000000, 0x0000000100000000)
  region size 1024K, 58 young (59392K), 9 survivors (9216K)
 Metaspace       used 95281K, capacity 97576K, committed 97740K, reserved 1134592K
  class space    used 11957K, capacity 12727K, committed 12800K, reserved 1048576K
}
Event: 28.034 GC heap after
{Heap after GC invocations=30 (full 0):
 garbage-first heap   total 196608K, used 111815K [0x0000000080000000, 0x0000000100000000)
  region size 1024K, 8 young (8192K), 8 survivors (8192K)
 Metaspace       used 95281K, capacity 97576K, committed 97740K, reserved 1134592K
  class space    used 11957K, capacity 12727K, committed 12800K, reserved 1048576K
}
Event: 28.279 GC heap before
{Heap before GC invocations=30 (full 0):
 garbage-first heap   total 196608K, used 154823K [0x0000000080000000, 0x0000000100000000)
  region size 1024K, 51 young (52224K), 8 survivors (8192K)
 Metaspace       used 95518K, capacity 97809K, committed 97996K, reserved 1134592K
  class space    used 11991K, capacity 12761K, committed 12800K, reserved 1048576K
}
Event: 28.294 GC heap after
{Heap after GC invocations=31 (full 0):
 garbage-first heap   total 196608K, used 117295K [0x0000000080000000, 0x0000000100000000)
  region size 1024K, 5 young (5120K), 5 survivors (5120K)
 Metaspace       used 95518K, capacity 97809K, committed 97996K, reserved 1134592K
  class space    used 11991K, capacity 12761K, committed 12800K, reserved 1048576K
}
Event: 29.027 GC heap before
{Heap before GC invocations=32 (full 0):
 garbage-first heap   total 196608K, used 160303K [0x0000000080000000, 0x0000000100000000)
  region size 1024K, 46 young (47104K), 5 survivors (5120K)
 Metaspace       used 99214K, capacity 101752K, committed 101836K, reserved 1138688K
  class space    used 12607K, capacity 13515K, committed 13568K, reserved 1048576K
}

