# JRE version: OpenJDK Runtime Environment (11.0.8+10) (build 11.0.8+10-b944.6842174)
# Java VM: OpenJDK 64-Bit Server VM (11.0.8+10-b944.6842174, mixed mode, tiered, compressed oops, g1 gc, windows-amd64)
Heap:
 garbage-first heap   total 196608K, used 156296K [0x0000000080000000, 0x0000000100000000)
  region size 1024K, 36 young (36864K), 3 survivors (3072K)
 Metaspace       used 140991K, capacity 145065K, committed 145228K, reserved 1175552K
  class space    used 17304K, capacity 18703K, committed 18816K, reserved 1048576K
GC Heap History (20 events):
Event: 1088.354 GC heap before
{Heap before GC invocations=50 (full 0):
 garbage-first heap   total 196608K, used 163551K [0x0000000080000000, 0x0000000100000000)
  region size 1024K, 54 young (55296K), 1 survivors (1024K)
 Metaspace       used 125524K, capacity 129119K, committed 129356K, reserved 1161216K
  class space    used 15409K, capacity 16661K, committed 16768K, reserved 1048576K
}
Event: 1088.365 GC heap after
{Heap after GC invocations=51 (full 0):
 garbage-first heap   total 196608K, used 112413K [0x0000000080000000, 0x0000000100000000)
  region size 1024K, 4 young (4096K), 4 survivors (4096K)
 Metaspace       used 125524K, capacity 129119K, committed 129356K, reserved 1161216K
  class space    used 15409K, capacity 16661K, committed 16768K, reserved 1048576K
}
Event: 1089.231 GC heap before
{Heap before GC invocations=52 (full 0):
 garbage-first heap   total 196608K, used 164637K [0x0000000080000000, 0x0000000100000000)
  region size 1024K, 55 young (56320K), 4 survivors (4096K)
 Metaspace       used 129096K, capacity 132778K, committed 132812K, reserved 1165312K
  class space    used 15880K, capacity 17140K, committed 17152K, reserved 1048576K
}
Event: 1089.242 GC heap after
{Heap after GC invocations=53 (full 0):
 garbage-first heap   total 196608K, used 115778K [0x0000000080000000, 0x0000000100000000)
  region size 1024K, 4 young (4096K), 4 survivors (4096K)
 Metaspace       used 129096K, capacity 132778K, committed 132812K, reserved 1165312K
  class space    used 15880K, capacity 17140K, committed 17152K, reserved 1048576K
}
Event: 1089.335 GC heap before
{Heap before GC invocations=53 (full 0):
 garbage-first heap   total 196608K, used 119874K [0x0000000080000000, 0x0000000100000000)
  region size 1024K, 9 young (9216K), 4 survivors (4096K)
 Metaspace       used 129808K, capacity 133497K, committed 133708K, reserved 1165312K
  class space    used 15958K, capacity 17209K, committed 17280K, reserved 1048576K
}
Event: 1089.344 GC heap after
{Heap after GC invocations=54 (full 0):
 garbage-first heap   total 196608K, used 111706K [0x0000000080000000, 0x0000000100000000)
  region size 1024K, 1 young (1024K), 1 survivors (1024K)
 Metaspace       used 129808K, capacity 133497K, committed 133708K, reserved 1165312K
  class space    used 15958K, capacity 17209K, committed 17280K, reserved 1048576K
}
Event: 1089.657 GC heap before
{Heap before GC invocations=54 (full 0):
 garbage-first heap   total 196608K, used 135258K [0x0000000080000000, 0x0000000100000000)
  region size 1024K, 25 young (25600K), 1 survivors (1024K)
 Metaspace       used 130970K, capacity 134631K, committed 134860K, reserved 1167360K
  class space    used 16085K, capacity 17352K, committed 17408K, reserved 1048576K
}
Event: 1089.665 GC heap after
{Heap after GC invocations=55 (full 0):
 garbage-first heap   total 196608K, used 113337K [0x0000000080000000, 0x0000000100000000)
  region size 1024K, 3 young (3072K), 3 survivors (3072K)
 Metaspace       used 130970K, capacity 134631K, committed 134860K, reserved 1167360K
  class space    used 16085K, capacity 17352K, committed 17408K, reserved 1048576K
}
Event: 1090.448 GC heap before
{Heap before GC invocations=56 (full 0):
 garbage-first heap   total 196608K, used 161465K [0x0000000080000000, 0x0000000100000000)
  region size 1024K, 50 young (51200K), 3 survivors (3072K)
 Metaspace       used 134296K, capacity 138051K, committed 138316K, reserved 1169408K
  class space    used 16494K, capacity 17759K, committed 17792K, reserved 1048576K
}
Event: 1090.459 GC heap after
{Heap after GC invocations=57 (full 0):
 garbage-first heap   total 196608K, used 117363K [0x0000000080000000, 0x0000000100000000)
  region size 1024K, 7 young (7168K), 7 survivors (7168K)
 Metaspace       used 134296K, capacity 138051K, committed 138316K, reserved 1169408K
  class space    used 16494K, capacity 17759K, committed 17792K, reserved 1048576K
}
Event: 1090.623 GC heap before
{Heap before GC invocations=57 (full 0):
 garbage-first heap   total 196608K, used 118387K [0x0000000080000000, 0x0000000100000000)
  region size 1024K, 9 young (9216K), 7 survivors (7168K)
 Metaspace       used 135308K, capacity 139014K, committed 139212K, reserved 1171456K
  class space    used 16640K, capacity 17888K, committed 17920K, reserved 1048576K
}
Event: 1090.630 GC heap after
{Heap after GC invocations=58 (full 0):
 garbage-first heap   total 196608K, used 117876K [0x0000000080000000, 0x0000000100000000)
  region size 1024K, 1 young (1024K), 1 survivors (1024K)
 Metaspace       used 135308K, capacity 139014K, committed 139212K, reserved 1171456K
  class space    used 16640K, capacity 17888K, committed 17920K, reserved 1048576K
}
Event: 1091.473 GC heap before
{Heap before GC invocations=58 (full 0):
 garbage-first heap   total 196608K, used 161908K [0x0000000080000000, 0x0000000100000000)
  region size 1024K, 45 young (46080K), 1 survivors (1024K)
 Metaspace       used 136658K, capacity 140328K, committed 140492K, reserved 1171456K
  class space    used 16802K, capacity 18067K, committed 18176K, reserved 1048576K
}
Event: 1091.480 GC heap after
{Heap after GC invocations=59 (full 0):
 garbage-first heap   total 196608K, used 119990K [0x0000000080000000, 0x0000000100000000)
  region size 1024K, 4 young (4096K), 4 survivors (4096K)
 Metaspace       used 136658K, capacity 140328K, committed 140492K, reserved 1171456K
  class space    used 16802K, capacity 18067K, committed 18176K, reserved 1048576K
}
Event: 1092.258 GC heap before
{Heap before GC invocations=60 (full 0):
 garbage-first heap   total 196608K, used 165046K [0x0000000080000000, 0x0000000100000000)
  region size 1024K, 47 young (48128K), 4 survivors (4096K)
 Metaspace       used 138845K, capacity 142695K, committed 142796K, reserved 1173504K
  class space    used 17024K, capacity 18416K, committed 18432K, reserved 1048576K
}
Event: 1092.267 GC heap after
{Heap after GC invocations=61 (full 0):
 garbage-first heap   total 196608K, used 122525K [0x0000000080000000, 0x0000000100000000)
  region size 1024K, 6 young (6144K), 6 survivors (6144K)
 Metaspace       used 138845K, capacity 142695K, committed 142796K, reserved 1173504K
  class space    used 17024K, capacity 18416K, committed 18432K, reserved 1048576K
}
Event: 1092.341 GC heap before
{Heap before GC invocations=61 (full 0):
 garbage-first heap   total 196608K, used 125597K [0x0000000080000000, 0x0000000100000000)
  region size 1024K, 9 young (9216K), 6 survivors (6144K)
 Metaspace       used 139231K, capacity 143079K, committed 143180K, reserved 1173504K
  class space    used 17063K, capacity 18459K, committed 18560K, reserved 1048576K
}
Event: 1092.352 GC heap after
{Heap after GC invocations=62 (full 0):
 garbage-first heap   total 196608K, used 122784K [0x0000000080000000, 0x0000000100000000)
  region size 1024K, 1 young (1024K), 1 survivors (1024K)
 Metaspace       used 139231K, capacity 143079K, committed 143180K, reserved 1173504K
  class space    used 17063K, capacity 18459K, committed 18560K, reserved 1048576K
}
Event: 1743.742 GC heap before
{Heap before GC invocations=62 (full 0):
 garbage-first heap   total 196608K, used 164768K [0x0000000080000000, 0x0000000100000000)
  region size 1024K, 43 young (44032K), 1 survivors (1024K)
 Metaspace       used 140888K, capacity 144861K, committed 145100K, reserved 1175552K
  class space    used 17291K, capacity 18679K, committed 18688K, reserved 1048576K
}
Event: 1743.753 GC heap after
{Heap after GC invocations=63 (full 0):
 garbage-first heap   total 196608K, used 124552K [0x0000000080000000, 0x0000000100000000)
  region size 1024K, 3 young (3072K), 3 survivors (3072K)
 Metaspace       used 140888K, capacity 144861K, committed 145100K, reserved 1175552K
  class space    used 17291K, capacity 18679K, committed 18688K, reserved 1048576K
}

